<?xml version="1.0" encoding="UTF-8"?>
<testng-results ignored="0" total="1" passed="1" failed="0" skipped="0">
  <reporter-output>
  </reporter-output>
  <suite started-at="2024-03-26T09:36:12 IST" name="Default suite" finished-at="2024-03-26T09:36:18 IST" duration-ms="6137">
    <groups>
    </groups>
    <test started-at="2024-03-26T09:36:12 IST" name="Default test" finished-at="2024-03-26T09:36:18 IST" duration-ms="6137">
      <class name="SeleniumCodes.SeleniumPractiseCodes.assertions.SoftAssertExample">
        <test-method signature="softAssert()[pri:0, instance:SeleniumCodes.SeleniumPractiseCodes.assertions.SoftAssertExample@2c767a52]" started-at="2024-03-26T09:36:12 IST" name="softAssert" finished-at="2024-03-26T09:36:18 IST" duration-ms="6100" status="PASS">
          <reporter-output>
          </reporter-output>
        </test-method> <!-- softAssert -->
      </class> <!-- SeleniumCodes.SeleniumPractiseCodes.assertions.SoftAssertExample -->
    </test> <!-- Default test -->
  </suite> <!-- Default suite -->
</testng-results>
